<?xml version="1.0" encoding="UTF-8"?>
<testsuite xmlns:xsi="http://www.w3.org/2001/XMLSchema-instance" xsi:noNamespaceSchemaLocation="https://maven.apache.org/surefire/maven-surefire-plugin/xsd/surefire-test-report.xsd" name="runners.Runner" time="32.53" tests="8" errors="0" skipped="0" failures="0">
  <properties>
[...]
</properties>
  <testcase name="Try to add a new pet to the store with valid data" classname="add a new pet to the store" time="12.828"/>
  <testcase name="User try to find pets based on status" classname="Find Pets by Status" time="17.671"/>
  <testcase name="User try to find pets based on status" classname="Find Pets by Status" time="0.047"/>
  <testcase name="User try to find pets based on status" classname="Find Pets by Status" time="0.125"/>
  <testcase name="Try to delete a created order" classname="Delete purchase by order Id" time="0.078"/>
  <testcase name="User try place an order for a pet with valid data" classname="place an order for a pet" time="0.078"/>
  <testcase name="try to create a new user with valid data" classname="Create a new User" time="0.063"/>
  <testcase name="User try to logs in with valid credentials" classname="User logs into to the system" time="0.062"/>
</testsuite>