<?xml version="1.0" encoding="UTF-8"?>
<testsuite xmlns:xsi="http://www.w3.org/2001/XMLSchema-instance" xsi:noNamespaceSchemaLocation="https://maven.apache.org/surefire/maven-surefire-plugin/xsd/surefire-test-report.xsd" name="runners.Runner" time="322.046" tests="8" errors="0" skipped="0" failures="0">
  <properties>
[...]
</properties>
  <testcase name="Fill in and submit the form. For successful login" classname="Demo application with dynamically generated element attributes" time="73.15"/>
  <testcase name="Fill in and submit the form. For failed login" classname="Demo application with dynamically generated element attributes" time="17.906"/>
  <testcase name="Fill in and submit the form. For failed login" classname="Demo application with dynamically generated element attributes" time="9.507"/>
  <testcase name="Fill in and submit the form. For failed login" classname="Demo application with dynamically generated element attributes" time="28.694"/>
  <testcase name="&quot;try to handle elements may appear on a page after loading data with ajax or client-side time consuming&quot;" classname="User try to handle most types of delay from ajax, load and client side delays" time="44.59"/>
  <testcase name="&quot;try to handle elements may appear on a page after loading data with ajax or client-side time consuming&quot;" classname="User try to handle most types of delay from ajax, load and client side delays" time="44.272"/>
  <testcase name="Ensure that a test is capable of waiting for a page to load" classname="User try to handle most types of delay from ajax, load and client side delays" time="42.453"/>
  <testcase name="Scrolling an element into view may be a tricky task" classname="Scrolling an element into view may be a tricky task" time="54.128"/>
</testsuite>